<?xml version="1.0" encoding="UTF-8"?>
<robot generator="Robot 7.0 (Python 3.11.8 on win32)" generated="2024-02-21T17:45:59.206344" rpa="false" schemaversion="5">
<suite id="s1" name="Sankhya Treinamento Robot Framework" source="C:\Users\felipe.fiuza\Documents\sankhya_treinamento_robot_framework">
<suite id="s1-s1" name="Exemplo" source="C:\Users\felipe.fiuza\Documents\sankhya_treinamento_robot_framework\exemplo.robot">
<test id="s1-s1-t1" name="Teste6" line="42">
<kw name="Criar email para &quot;Felipe&quot; &quot;Fiuza&quot; &quot;33&quot;" source_name="Criar email para &quot;${nome}&quot; &quot;${sobrenome}&quot; &quot;${idade}&quot;">
<return>
<value>${nome}_${sobrenome}_${idade}@robot.com</value>
<status status="PASS" start="2024-02-21T17:45:59.230585" elapsed="0.000000"/>
</return>
<msg time="2024-02-21T17:45:59.232676" level="INFO">${ELEMENT} = Felipe_Fiuza_33@robot.com</msg>
<var>${ELEMENT}</var>
<status status="PASS" start="2024-02-21T17:45:59.230585" elapsed="0.002091"/>
</kw>
<kw name="Log To Console" owner="BuiltIn">
<arg>\n\n${ELEMENT}</arg>
<doc>Logs the given message to the console.</doc>
<status status="PASS" start="2024-02-21T17:45:59.232676" elapsed="0.001002"/>
</kw>
<tag>lista6</tag>
<status status="PASS" start="2024-02-21T17:45:59.230585" elapsed="0.004421"/>
</test>
<status status="PASS" start="2024-02-21T17:45:59.226577" elapsed="0.009427"/>
</suite>
<status status="PASS" start="2024-02-21T17:45:59.206344" elapsed="0.032648"/>
</suite>
<statistics>
<total>
<stat pass="1" fail="0" skip="0">All Tests</stat>
</total>
<tag>
<stat pass="1" fail="0" skip="0">lista6</stat>
</tag>
<suite>
<stat pass="1" fail="0" skip="0" id="s1" name="Sankhya Treinamento Robot Framework">Sankhya Treinamento Robot Framework</stat>
<stat pass="1" fail="0" skip="0" id="s1-s1" name="Exemplo">Sankhya Treinamento Robot Framework.Exemplo</stat>
</suite>
</statistics>
<errors>
</errors>
</robot>
