<?xml version="1.0" encoding="UTF-8"?>
<robot generator="Robot 7.0 (Python 3.11.8 on win32)" generated="2024-02-21T18:27:59.304170" rpa="false" schemaversion="5">
<suite id="s1" name="Sankhya Treinamento Robot Framework" source="C:\Users\felipe.fiuza\Documents\sankhya_treinamento_robot_framework">
<suite id="s1-s1" name="Exemplo" source="C:\Users\felipe.fiuza\Documents\sankhya_treinamento_robot_framework\exemplo.robot">
<test id="s1-s1-t1" name="Teste7" line="56">
<kw name="Contar de 0 a 10">
<kw name="Log To Console" owner="BuiltIn">
<arg>\n</arg>
<doc>Logs the given message to the console.</doc>
<status status="PASS" start="2024-02-21T18:27:59.352615" elapsed="0.000000"/>
</kw>
<for flavor="IN RANGE">
<iter>
<kw name="Log To Console" owner="BuiltIn">
<arg>Estou no numero ${count}</arg>
<doc>Logs the given message to the console.</doc>
<status status="PASS" start="2024-02-21T18:27:59.355158" elapsed="0.000000"/>
</kw>
<var name="${count}">0</var>
<status status="PASS" start="2024-02-21T18:27:59.355158" elapsed="0.000000"/>
</iter>
<iter>
<kw name="Log To Console" owner="BuiltIn">
<arg>Estou no numero ${count}</arg>
<doc>Logs the given message to the console.</doc>
<status status="PASS" start="2024-02-21T18:27:59.359645" elapsed="0.000000"/>
</kw>
<var name="${count}">1</var>
<status status="PASS" start="2024-02-21T18:27:59.355158" elapsed="0.004487"/>
</iter>
<iter>
<kw name="Log To Console" owner="BuiltIn">
<arg>Estou no numero ${count}</arg>
<doc>Logs the given message to the console.</doc>
<status status="PASS" start="2024-02-21T18:27:59.359645" elapsed="0.000000"/>
</kw>
<var name="${count}">2</var>
<status status="PASS" start="2024-02-21T18:27:59.359645" elapsed="0.000000"/>
</iter>
<iter>
<kw name="Log To Console" owner="BuiltIn">
<arg>Estou no numero ${count}</arg>
<doc>Logs the given message to the console.</doc>
<status status="PASS" start="2024-02-21T18:27:59.359645" elapsed="0.003064"/>
</kw>
<var name="${count}">3</var>
<status status="PASS" start="2024-02-21T18:27:59.359645" elapsed="0.003064"/>
</iter>
<iter>
<kw name="Log To Console" owner="BuiltIn">
<arg>Estou no numero ${count}</arg>
<doc>Logs the given message to the console.</doc>
<status status="PASS" start="2024-02-21T18:27:59.362709" elapsed="0.001896"/>
</kw>
<var name="${count}">4</var>
<status status="PASS" start="2024-02-21T18:27:59.362709" elapsed="0.001896"/>
</iter>
<iter>
<kw name="Log To Console" owner="BuiltIn">
<arg>Estou no numero ${count}</arg>
<doc>Logs the given message to the console.</doc>
<status status="PASS" start="2024-02-21T18:27:59.365606" elapsed="0.000997"/>
</kw>
<var name="${count}">5</var>
<status status="PASS" start="2024-02-21T18:27:59.365606" elapsed="0.000997"/>
</iter>
<iter>
<kw name="Log To Console" owner="BuiltIn">
<arg>Estou no numero ${count}</arg>
<doc>Logs the given message to the console.</doc>
<status status="PASS" start="2024-02-21T18:27:59.367616" elapsed="0.000978"/>
</kw>
<var name="${count}">6</var>
<status status="PASS" start="2024-02-21T18:27:59.366603" elapsed="0.001991"/>
</iter>
<iter>
<kw name="Log To Console" owner="BuiltIn">
<arg>Estou no numero ${count}</arg>
<doc>Logs the given message to the console.</doc>
<status status="PASS" start="2024-02-21T18:27:59.369594" elapsed="0.000000"/>
</kw>
<var name="${count}">7</var>
<status status="PASS" start="2024-02-21T18:27:59.369594" elapsed="0.001466"/>
</iter>
<iter>
<kw name="Log To Console" owner="BuiltIn">
<arg>Estou no numero ${count}</arg>
<doc>Logs the given message to the console.</doc>
<status status="PASS" start="2024-02-21T18:27:59.371060" elapsed="0.001597"/>
</kw>
<var name="${count}">8</var>
<status status="PASS" start="2024-02-21T18:27:59.371060" elapsed="0.002598"/>
</iter>
<iter>
<kw name="Log To Console" owner="BuiltIn">
<arg>Estou no numero ${count}</arg>
<doc>Logs the given message to the console.</doc>
<status status="PASS" start="2024-02-21T18:27:59.374655" elapsed="0.000444"/>
</kw>
<var name="${count}">9</var>
<status status="PASS" start="2024-02-21T18:27:59.373658" elapsed="0.001441"/>
</iter>
<iter>
<kw name="Log To Console" owner="BuiltIn">
<arg>Estou no numero ${count}</arg>
<doc>Logs the given message to the console.</doc>
<status status="PASS" start="2024-02-21T18:27:59.375099" elapsed="0.000000"/>
</kw>
<var name="${count}">10</var>
<status status="PASS" start="2024-02-21T18:27:59.375099" elapsed="0.000000"/>
</iter>
<var>${count}</var>
<value>0</value>
<value>11</value>
<status status="PASS" start="2024-02-21T18:27:59.352615" elapsed="0.022484"/>
</for>
<status status="PASS" start="2024-02-21T18:27:59.351108" elapsed="0.023991"/>
</kw>
<tag>for</tag>
<status status="PASS" start="2024-02-21T18:27:59.348740" elapsed="0.026359"/>
</test>
<status status="PASS" start="2024-02-21T18:27:59.345101" elapsed="0.035530"/>
</suite>
<status status="PASS" start="2024-02-21T18:27:59.311681" elapsed="0.070876"/>
</suite>
<statistics>
<total>
<stat pass="1" fail="0" skip="0">All Tests</stat>
</total>
<tag>
<stat pass="1" fail="0" skip="0">for</stat>
</tag>
<suite>
<stat pass="1" fail="0" skip="0" id="s1" name="Sankhya Treinamento Robot Framework">Sankhya Treinamento Robot Framework</stat>
<stat pass="1" fail="0" skip="0" id="s1-s1" name="Exemplo">Sankhya Treinamento Robot Framework.Exemplo</stat>
</suite>
</statistics>
<errors>
</errors>
</robot>
